<?xml version="1.0" encoding="UTF-8"?>
<testsuite xmlns:xsi="http://www.w3.org/2001/XMLSchema-instance" xsi:noNamespaceSchemaLocation="https://maven.apache.org/surefire/maven-surefire-plugin/xsd/surefire-test-report.xsd" name="airplane.AirplaneTest" time="0.056" tests="3" errors="0" skipped="0" failures="0">
  <properties>
[...]
</properties>
  <testcase name="returnsAnInstanceOfAirplane" classname="airplane.AirplaneTest" time="0.004"/>
  <testcase name="whenAirplaneTakeOffReturnsFalse" classname="airplane.AirplaneTest" time="0"/>
  <testcase name="whenAirplaneLandReturnsTrue" classname="airplane.AirplaneTest" time="0"/>
</testsuite>