-------------------------------------------------------------------------------
Test set: com.AppTest
-------------------------------------------------------------------------------
Tests run: 1, Failures: 1, Errors: 0, Skipped: 0, Time elapsed: 0.054 s <<< FAILURE! - in com.AppTest
shouldAnswerWithTrue(com.AppTest)  Time elapsed: 0.009 s  <<< FAILURE!
java.lang.AssertionError
	at com.AppTest.shouldAnswerWithTrue(AppTest.java:13)

